<?xml version="1.0" encoding="UTF-8"?>
<!-- Generated by org.testng.reporters.JUnitReportReporter -->
<testsuite hostname="LAPTOP-LR5RSM81" failures="0" tests="1" name="Demo.DemoTest" time="6.147" errors="0" timestamp="2024-11-06T17:01:04 IST" skipped="0">
  <testcase classname="Demo.DemoTest" name="verify" time="6.147"/>
  <system-out/>
</testsuite> <!-- Demo.DemoTest -->
