<?xml version="1.0" encoding="UTF-8"?>
<!-- Generated by org.testng.reporters.JUnitReportReporter -->
<testsuite hostname="LAPTOP-LR5RSM81" failures="0" tests="2" name="com.Ecommerce.InstaSnap.ProductTest.VerifyElectronicProduct" time="0.012" errors="0" timestamp="2024-11-06T17:01:04 IST" skipped="1">
  <testcase classname="com.Ecommerce.InstaSnap.ProductTest.VerifyElectronicProduct" name="createProduct" time="0.012"/>
  <system-out>
    <![CDATA[Electronics Product Created]]>
  </system-out>
  <testcase classname="com.Ecommerce.InstaSnap.ProductTest.VerifyElectronicProduct" name="updateProduct">
    <skipped/>
  </testcase> <!-- updateProduct -->
  <system-out/>
</testsuite> <!-- com.Ecommerce.InstaSnap.ProductTest.VerifyElectronicProduct -->
